TN:
SF:source/event-card.js
FN:13,(anonymous_0)
FN:24,(anonymous_1)
FN:51,(anonymous_2)
FN:57,(anonymous_3)
FNF:4
FNH:4
FNDA:0,(anonymous_0)
FNDA:0,(anonymous_1)
FNDA:0,(anonymous_2)
FNDA:0,(anonymous_3)
DA:1,1
DA:2,1
DA:14,1
DA:25,1
DA:27,1
DA:28,1
DA:30,1
DA:31,1
DA:32,1
DA:33,1
DA:35,1
DA:36,1
DA:37,1
DA:38,1
DA:40,1
DA:41,1
DA:42,1
DA:43,1
DA:45,1
DA:46,1
DA:48,1
DA:49,1
DA:50,1
DA:51,1
DA:52,1
DA:54,1
DA:55,1
DA:56,1
DA:57,1
DA:58,1
DA:60,1
DA:64,1
LF:32
LH:32
BRDA:25,0,0,0
BRDA:25,0,1,0
BRDA:27,1,0,0
BRDA:27,1,1,0
BRDA:28,2,0,0
BRDA:28,2,1,0
BRDA:32,3,0,0
BRDA:32,3,1,0
BRDA:37,4,0,0
BRDA:37,4,1,0
BRDA:42,5,0,0
BRDA:42,5,1,0
BRF:12
BRH:12
end_of_record
TN:
SF:source/json-parser.js
FN:16,(anonymous_0)
FN:17,(anonymous_1)
FN:26,(anonymous_2)
FN:39,(anonymous_3)
FN:56,saveTasks
FN:72,(anonymous_5)
FN:86,(anonymous_6)
FN:88,(anonymous_7)
FNF:8
FNH:8
FNDA:0,(anonymous_0)
FNDA:0,(anonymous_1)
FNDA:0,(anonymous_2)
FNDA:0,(anonymous_3)
FNDA:0,saveTasks
FNDA:0,(anonymous_5)
FNDA:0,(anonymous_6)
FNDA:0,(anonymous_7)
DA:2,1
DA:3,1
DA:4,1
DA:7,1
DA:16,1
DA:17,1
DA:18,1
DA:19,1
DA:21,1
DA:24,1
DA:26,1
DA:27,1
DA:39,1
DA:40,1
DA:42,1
DA:43,1
DA:44,1
DA:47,1
DA:57,1
DA:58,1
DA:60,1
DA:72,1
DA:73,1
DA:74,1
DA:75,1
DA:86,1
DA:87,1
DA:88,1
DA:89,1
DA:92,1
LF:30
LH:30
BRDA:43,0,0,0
BRDA:43,0,1,0
BRF:2
BRH:2
end_of_record
TN:
SF:source/main.js
FN:5,(anonymous_0)
FN:26,(anonymous_1)
FN:29,(anonymous_2)
FN:39,(anonymous_3)
FNF:4
FNH:4
FNDA:0,(anonymous_0)
FNDA:0,(anonymous_1)
FNDA:0,(anonymous_2)
FNDA:0,(anonymous_3)
DA:2,1
DA:3,1
DA:5,1
DA:7,1
DA:18,1
DA:26,1
DA:27,1
DA:29,1
DA:32,1
DA:39,1
DA:40,1
LF:11
LH:11
BRDA:32,0,0,0
BRDA:32,0,1,0
BRDA:40,1,0,0
BRDA:40,1,1,0
BRF:4
BRH:4
end_of_record
TN:
SF:source/md-crud.js
FN:11,init
FN:17,(anonymous_1)
FN:25,(anonymous_2)
FN:44,showPopupForMarkdown
FNF:4
FNH:4
FNDA:0,init
FNDA:0,(anonymous_1)
FNDA:0,(anonymous_2)
FNDA:0,showPopupForMarkdown
DA:1,1
DA:3,1
DA:12,1
DA:13,1
DA:14,1
DA:15,1
DA:17,1
DA:18,1
DA:19,1
DA:20,1
DA:23,1
DA:25,1
DA:26,1
DA:28,1
DA:29,1
DA:30,1
DA:33,1
DA:34,1
DA:45,1
DA:46,1
DA:47,1
DA:48,1
DA:49,1
DA:50,1
DA:51,1
DA:52,1
DA:53,1
DA:54,1
DA:55,1
DA:56,1
DA:57,1
DA:60,1
LF:32
LH:32
BRDA:28,0,0,0
BRDA:28,0,1,0
BRF:2
BRH:2
end_of_record
TN:
SF:source/md-parser.js
FN:17,(anonymous_0)
FN:19,(anonymous_1)
FN:39,(anonymous_2)
FN:56,(anonymous_3)
FNF:4
FNH:4
FNDA:0,(anonymous_0)
FNDA:0,(anonymous_1)
FNDA:0,(anonymous_2)
FNDA:0,(anonymous_3)
DA:2,1
DA:3,1
DA:4,1
DA:7,1
DA:17,1
DA:18,1
DA:19,1
DA:20,1
DA:21,1
DA:23,1
DA:26,1
DA:39,1
DA:40,1
DA:41,1
DA:42,1
DA:44,1
DA:56,1
DA:57,1
DA:58,1
DA:61,1
LF:20
LH:20
BRF:0
BRH:0
end_of_record
TN:
SF:source/monthly-calendar.js
FN:33,init
FN:40,(anonymous_1)
FN:58,(anonymous_2)
FN:74,(anonymous_3)
FN:90,(anonymous_4)
FN:107,checkToday
FN:126,checkTasks
FN:127,(anonymous_7)
FN:143,(anonymous_8)
FN:149,(anonymous_9)
FN:164,dayHoverHandler
FN:165,(anonymous_11)
FN:169,(anonymous_12)
FN:183,createDateEntry
FN:222,(anonymous_14)
FN:229,(anonymous_15)
FN:233,(anonymous_16)
FN:249,makeCalendar
FN:289,wipeCalendar
FNF:19
FNH:19
FNDA:0,init
FNDA:0,(anonymous_1)
FNDA:0,(anonymous_2)
FNDA:0,(anonymous_3)
FNDA:0,(anonymous_4)
FNDA:0,checkToday
FNDA:0,checkTasks
FNDA:0,(anonymous_7)
FNDA:0,(anonymous_8)
FNDA:0,(anonymous_9)
FNDA:0,dayHoverHandler
FNDA:0,(anonymous_11)
FNDA:0,(anonymous_12)
FNDA:0,createDateEntry
FNDA:0,(anonymous_14)
FNDA:0,(anonymous_15)
FNDA:0,(anonymous_16)
FNDA:0,makeCalendar
FNDA:0,wipeCalendar
DA:1,1
DA:2,1
DA:3,1
DA:4,1
DA:6,1
DA:21,1
DA:22,1
DA:23,1
DA:25,1
DA:40,1
DA:41,1
DA:42,1
DA:45,1
DA:46,1
DA:47,1
DA:50,1
DA:58,1
DA:59,1
DA:60,1
DA:61,1
DA:62,1
DA:63,1
DA:65,1
DA:74,1
DA:75,1
DA:76,1
DA:77,1
DA:78,1
DA:79,1
DA:81,1
DA:90,1
DA:91,1
DA:92,1
DA:93,1
DA:94,1
DA:108,1
DA:113,1
DA:127,1
DA:128,1
DA:130,1
DA:135,1
DA:136,1
DA:137,1
DA:138,1
DA:140,1
DA:141,1
DA:142,1
DA:143,1
DA:144,1
DA:145,1
DA:147,1
DA:149,1
DA:150,1
DA:152,1
DA:165,1
DA:166,1
DA:169,1
DA:170,1
DA:184,1
DA:185,1
DA:186,1
DA:187,1
DA:188,1
DA:189,1
DA:190,1
DA:191,1
DA:192,1
DA:195,1
DA:196,1
DA:197,1
DA:198,1
DA:202,1
DA:204,1
DA:205,1
DA:206,1
DA:207,1
DA:208,1
DA:209,1
DA:211,1
DA:212,1
DA:213,1
DA:214,1
DA:215,1
DA:217,1
DA:218,1
DA:219,1
DA:220,1
DA:222,1
DA:223,1
DA:226,1
DA:227,1
DA:229,1
DA:230,1
DA:233,1
DA:234,1
DA:235,1
DA:250,1
DA:251,1
DA:252,1
DA:254,1
DA:256,1
DA:258,1
DA:260,1
DA:262,1
DA:263,1
DA:264,1
DA:265,1
DA:266,1
DA:270,1
DA:271,1
DA:272,1
DA:276,1
DA:277,1
DA:278,1
DA:279,1
DA:280,1
DA:290,1
DA:291,1
DA:292,1
DA:294,1
DA:295,1
DA:296,1
DA:299,1
DA:300,1
DA:301,1
LF:125
LH:125
BRDA:61,0,0,0
BRDA:61,0,1,0
BRDA:77,1,0,0
BRDA:77,1,1,0
BRDA:108,2,0,0
BRDA:108,2,1,0
BRDA:109,3,0,0
BRDA:109,3,1,0
BRDA:109,3,2,0
BRDA:130,4,0,0
BRDA:130,4,1,0
BRDA:131,5,0,0
BRDA:131,5,1,0
BRDA:131,5,2,0
BRDA:191,6,0,0
BRDA:191,6,1,0
BRDA:197,7,0,0
BRDA:197,7,1,0
BRDA:197,8,0,0
BRDA:197,8,1,0
BRDA:234,9,0,0
BRDA:234,9,1,0
BRDA:295,10,0,0
BRDA:295,10,1,0
BRDA:300,11,0,0
BRDA:300,11,1,0
BRF:26
BRH:26
end_of_record
TN:
SF:source/preload.js
FN:1,(anonymous_0)
FN:2,(anonymous_1)
FNF:2
FNH:2
FNDA:0,(anonymous_0)
FNDA:0,(anonymous_1)
DA:1,1
DA:2,1
DA:3,1
DA:4,1
DA:7,1
DA:8,1
LF:6
LH:6
BRDA:4,0,0,0
BRDA:4,0,1,0
BRF:2
BRH:2
end_of_record
TN:
SF:source/task-crud.js
FN:12,addChangeListener
FN:21,notifyChangeListeners
FN:22,(anonymous_2)
FN:33,init
FN:39,(anonymous_4)
FN:60,(anonymous_5)
FN:78,(anonymous_6)
FN:89,(anonymous_7)
FN:125,(anonymous_8)
FN:147,hidePopupForDelete
FN:157,hidePopupForEdit
FN:168,(anonymous_11)
FN:201,showPopupForDelete
FN:215,showPopupForEdit
FN:240,toggleTaskCompletion
FNF:15
FNH:15
FNDA:0,addChangeListener
FNDA:0,notifyChangeListeners
FNDA:0,(anonymous_2)
FNDA:0,init
FNDA:0,(anonymous_4)
FNDA:0,(anonymous_5)
FNDA:0,(anonymous_6)
FNDA:0,(anonymous_7)
FNDA:0,(anonymous_8)
FNDA:0,hidePopupForDelete
FNDA:0,hidePopupForEdit
FNDA:0,(anonymous_11)
FNDA:0,showPopupForDelete
FNDA:0,showPopupForEdit
FNDA:0,toggleTaskCompletion
DA:1,1
DA:2,1
DA:4,1
DA:13,1
DA:22,1
DA:25,1
DA:34,1
DA:36,1
DA:37,1
DA:38,1
DA:39,1
DA:40,1
DA:43,1
DA:44,1
DA:45,1
DA:46,1
DA:48,1
DA:49,1
DA:51,1
DA:52,1
DA:60,1
DA:61,1
DA:63,1
DA:64,1
DA:65,1
DA:66,1
DA:68,1
DA:69,1
DA:78,1
DA:79,1
DA:80,1
DA:89,1
DA:91,1
DA:92,1
DA:93,1
DA:94,1
DA:95,1
DA:97,1
DA:98,1
DA:110,1
DA:111,1
DA:114,1
DA:115,1
DA:125,1
DA:126,1
DA:127,1
DA:128,1
DA:131,1
DA:140,1
DA:148,1
DA:149,1
DA:158,1
DA:159,1
DA:168,1
DA:169,1
DA:170,1
DA:171,1
DA:173,1
DA:174,1
DA:175,1
DA:176,1
DA:177,1
DA:178,1
DA:179,1
DA:180,1
DA:181,1
DA:182,1
DA:183,1
DA:192,1
DA:202,1
DA:203,1
DA:204,1
DA:205,1
DA:206,1
DA:216,1
DA:217,1
DA:218,1
DA:219,1
DA:220,1
DA:221,1
DA:222,1
DA:223,1
DA:224,1
DA:225,1
DA:226,1
DA:227,1
DA:228,1
DA:229,1
DA:230,1
DA:241,1
DA:242,1
DA:243,1
DA:244,1
DA:245,1
DA:248,1
LF:95
LH:95
BRDA:91,0,0,0
BRDA:91,0,1,0
BRDA:92,1,0,0
BRDA:92,1,1,0
BRDA:94,2,0,0
BRDA:94,2,1,0
BRDA:95,3,0,0
BRDA:95,3,1,0
BRDA:97,4,0,0
BRDA:97,4,1,0
BRDA:97,5,0,0
BRDA:97,5,1,0
BRDA:97,5,2,0
BRDA:97,5,3,0
BRDA:173,6,0,0
BRDA:173,6,1,0
BRDA:174,7,0,0
BRDA:174,7,1,0
BRDA:176,8,0,0
BRDA:176,8,1,0
BRDA:177,9,0,0
BRDA:177,9,1,0
BRDA:178,10,0,0
BRDA:178,10,1,0
BRDA:179,11,0,0
BRDA:179,11,1,0
BRDA:180,12,0,0
BRDA:180,12,1,0
BRDA:222,13,0,0
BRDA:222,13,1,0
BRDA:223,14,0,0
BRDA:223,14,1,0
BRDA:224,15,0,0
BRDA:224,15,1,0
BRDA:225,16,0,0
BRDA:225,16,1,0
BRDA:226,17,0,0
BRDA:226,17,1,0
BRDA:227,18,0,0
BRDA:227,18,1,0
BRDA:228,19,0,0
BRDA:228,19,1,0
BRDA:229,20,0,0
BRDA:229,20,1,0
BRDA:230,21,0,0
BRDA:230,21,1,0
BRF:46
BRH:46
end_of_record
TN:
SF:source/taskbar.js
FN:21,init
FN:58,(anonymous_1)
FN:73,(anonymous_2)
FN:85,(anonymous_3)
FN:97,(anonymous_4)
FN:109,(anonymous_5)
FN:121,(anonymous_6)
FN:136,(anonymous_7)
FN:148,(anonymous_8)
FN:154,showNotification
FN:161,(anonymous_10)
FN:169,scheduleNotification
FN:176,(anonymous_12)
FN:187,refreshTaskList
FN:194,(anonymous_14)
FN:196,(anonymous_15)
FN:246,(anonymous_16)
FN:249,(anonymous_17)
FN:275,(anonymous_18)
FNF:19
FNH:19
FNDA:0,init
FNDA:0,(anonymous_1)
FNDA:0,(anonymous_2)
FNDA:0,(anonymous_3)
FNDA:0,(anonymous_4)
FNDA:0,(anonymous_5)
FNDA:0,(anonymous_6)
FNDA:0,(anonymous_7)
FNDA:0,(anonymous_8)
FNDA:0,showNotification
FNDA:0,(anonymous_10)
FNDA:0,scheduleNotification
FNDA:0,(anonymous_12)
FNDA:0,refreshTaskList
FNDA:0,(anonymous_14)
FNDA:0,(anonymous_15)
FNDA:0,(anonymous_16)
FNDA:0,(anonymous_17)
FNDA:0,(anonymous_18)
DA:1,1
DA:2,1
DA:5,1
DA:13,1
DA:22,1
DA:23,1
DA:25,1
DA:27,1
DA:28,1
DA:29,1
DA:30,1
DA:31,1
DA:33,1
DA:34,1
DA:35,1
DA:36,1
DA:37,1
DA:39,1
DA:46,1
DA:48,1
DA:49,1
DA:58,1
DA:59,1
DA:60,1
DA:61,1
DA:62,1
DA:63,1
DA:73,1
DA:74,1
DA:75,1
DA:85,1
DA:86,1
DA:87,1
DA:97,1
DA:98,1
DA:99,1
DA:109,1
DA:110,1
DA:111,1
DA:120,1
DA:121,1
DA:122,1
DA:123,1
DA:126,1
DA:127,1
DA:135,1
DA:136,1
DA:137,1
DA:147,1
DA:148,1
DA:149,1
DA:155,1
DA:156,1
DA:161,1
DA:162,1
DA:165,1
DA:170,1
DA:171,1
DA:173,1
DA:175,1
DA:176,1
DA:177,1
DA:188,1
DA:189,1
DA:190,1
DA:193,1
DA:194,1
DA:196,1
DA:199,1
DA:201,1
DA:205,1
DA:209,1
DA:210,1
DA:214,1
DA:218,1
DA:221,1
DA:222,1
DA:225,1
DA:227,1
DA:228,1
DA:229,1
DA:232,1
DA:234,1
DA:235,1
DA:236,1
DA:237,1
DA:246,1
DA:247,1
DA:249,1
DA:250,1
DA:252,1
DA:254,1
DA:255,1
DA:257,1
DA:258,1
DA:260,1
DA:261,1
DA:262,1
DA:264,1
DA:265,1
DA:266,1
DA:267,1
DA:275,1
DA:276,1
DA:278,1
DA:279,1
DA:283,1
LF:107
LH:107
BRDA:22,0,0,0
BRDA:22,0,1,0
BRDA:135,1,0,0
BRDA:135,1,1,0
BRDA:147,2,0,0
BRDA:147,2,1,0
BRDA:155,3,0,0
BRDA:155,3,1,0
BRDA:175,4,0,0
BRDA:175,4,1,0
BRDA:193,5,0,0
BRDA:193,5,1,0
BRDA:193,6,0,0
BRDA:193,6,1,0
BRDA:201,7,0,0
BRDA:201,7,1,0
BRDA:202,8,0,0
BRDA:202,8,1,0
BRDA:209,9,0,0
BRDA:209,9,1,0
BRDA:209,10,0,0
BRDA:209,10,1,0
BRDA:214,11,0,0
BRDA:214,11,1,0
BRDA:215,12,0,0
BRDA:215,12,1,0
BRF:26
BRH:26
end_of_record
TN:
SF:source/util.js
FN:8,convertTo12Hour
FN:44,getTimeBasedId
FNF:2
FNH:2
FNDA:0,convertTo12Hour
FNDA:0,getTimeBasedId
DA:9,1
DA:10,1
DA:12,1
DA:13,1
DA:15,1
DA:21,1
DA:23,1
DA:25,1
DA:27,1
DA:28,1
DA:29,1
DA:30,1
DA:31,1
DA:32,1
DA:33,1
DA:35,1
DA:45,1
DA:48,1
LF:18
LH:18
BRDA:9,0,0,0
BRDA:9,0,1,0
BRDA:9,1,0,0
BRDA:9,1,1,0
BRDA:15,2,0,0
BRDA:15,2,1,0
BRDA:16,3,0,0
BRDA:16,3,1,0
BRDA:16,3,2,0
BRDA:16,3,3,0
BRDA:27,4,0,0
BRDA:27,4,1,0
BRDA:29,5,0,0
BRDA:29,5,1,0
BRDA:31,6,0,0
BRDA:31,6,1,0
BRF:16
BRH:16
end_of_record
TN:
SF:source/weekly-calendar.js
FN:36,init
FN:37,(anonymous_1)
FN:58,(anonymous_2)
FN:80,(anonymous_3)
FN:94,(anonymous_4)
FN:120,checkTasks
FN:121,(anonymous_6)
FN:144,makeCalendar
FN:212,wipeCalendar
FNF:9
FNH:9
FNDA:0,init
FNDA:0,(anonymous_1)
FNDA:0,(anonymous_2)
FNDA:0,(anonymous_3)
FNDA:0,(anonymous_4)
FNDA:0,checkTasks
FNDA:0,(anonymous_6)
FNDA:0,makeCalendar
FNDA:0,wipeCalendar
DA:1,1
DA:2,1
DA:4,1
DA:18,1
DA:28,1
DA:37,1
DA:38,1
DA:39,1
DA:42,1
DA:43,1
DA:44,1
DA:45,1
DA:46,1
DA:47,1
DA:48,1
DA:50,1
DA:58,1
DA:59,1
DA:61,1
DA:62,1
DA:63,1
DA:64,1
DA:65,1
DA:66,1
DA:67,1
DA:68,1
DA:71,1
DA:80,1
DA:81,1
DA:82,1
DA:83,1
DA:84,1
DA:85,1
DA:94,1
DA:95,1
DA:97,1
DA:98,1
DA:99,1
DA:100,1
DA:101,1
DA:102,1
DA:103,1
DA:104,1
DA:107,1
DA:121,1
DA:122,1
DA:124,1
DA:129,1
DA:130,1
DA:131,1
DA:145,1
DA:146,1
DA:155,1
DA:156,1
DA:157,1
DA:158,1
DA:159,1
DA:161,1
DA:162,1
DA:163,1
DA:164,1
DA:165,1
DA:167,1
DA:168,1
DA:170,1
DA:171,1
DA:172,1
DA:173,1
DA:177,1
DA:178,1
DA:180,1
DA:181,1
DA:183,1
DA:184,1
DA:185,1
DA:186,1
DA:190,1
DA:191,1
DA:195,1
DA:197,1
DA:199,1
DA:200,1
DA:201,1
DA:213,1
DA:215,1
DA:216,1
DA:217,1
LF:87
LH:87
BRDA:63,0,0,0
BRDA:63,0,1,0
BRDA:66,1,0,0
BRDA:66,1,1,0
BRDA:99,2,0,0
BRDA:99,2,1,0
BRDA:102,3,0,0
BRDA:102,3,1,0
BRDA:124,4,0,0
BRDA:124,4,1,0
BRDA:125,5,0,0
BRDA:125,5,1,0
BRDA:125,5,2,0
BRDA:167,6,0,0
BRDA:167,6,1,0
BRDA:170,7,0,0
BRDA:170,7,1,0
BRDA:180,8,0,0
BRDA:180,8,1,0
BRDA:183,9,0,0
BRDA:183,9,1,0
BRF:21
BRH:21
end_of_record
TN:
SF:source/tmp/tmp.js
FN:2,isPhoneNumber
FN:8,isEmail
FN:16,isStrongPassword
FN:23,isDate
FN:29,isHexColor
FNF:5
FNH:5
FNDA:0,isPhoneNumber
FNDA:0,isEmail
FNDA:0,isStrongPassword
FNDA:0,isDate
FNDA:0,isHexColor
DA:3,1
DA:4,1
DA:9,1
DA:10,1
DA:17,1
DA:18,1
DA:24,1
DA:25,1
DA:30,1
DA:31,1
LF:10
LH:10
BRF:0
BRH:0
end_of_record
